2024-11-28 23:42:39,129 - INFO - Streamlit UI started.
2024-11-28 23:42:47,929 - INFO - Streamlit UI started.
2024-11-28 23:43:59,163 - INFO - Streamlit UI started.
2024-11-29 00:01:06,766 - INFO - Streamlit UI started.
2024-11-29 00:01:10,820 - INFO - Streamlit UI started.
2024-11-29 00:01:24,634 - INFO - Streamlit UI started.
2024-11-29 00:38:19,175 - INFO - Streamlit UI started.
2024-11-29 00:38:51,580 - INFO - Streamlit UI started.
2024-11-29 00:38:59,462 - INFO - Streamlit UI started.
2024-11-29 00:40:36,936 - INFO - Streamlit UI started.
2024-11-29 00:40:41,889 - INFO - Streamlit UI started.
2024-11-29 00:45:10,095 - INFO - Streamlit UI started.
2024-11-29 00:45:16,766 - INFO - Streamlit UI started.
2024-11-29 00:45:19,240 - INFO - Streamlit UI started.
2024-11-29 00:45:23,404 - INFO - Streamlit UI started.
2024-11-29 00:45:42,160 - INFO - Streamlit UI started.
2024-11-29 00:45:43,620 - INFO - Streamlit UI started.
2024-11-29 00:45:59,550 - INFO - Streamlit UI started.
2024-11-29 00:47:56,555 - INFO - Streamlit UI started.
2024-11-29 01:15:09,721 - INFO - Streamlit UI started.
2024-11-29 01:15:13,602 - INFO - Streamlit UI started.
2024-11-29 01:20:29,695 - INFO - Streamlit UI started.
2024-11-29 01:23:33,244 - INFO - Streamlit UI started.
2024-11-29 01:23:33,564 - ERROR - Error making API request: HTTPConnectionPool(host='0.0.0.0', port=8000): Max retries exceeded with url: /generate_quiz (Caused by NewConnectionError('<urllib3.connection.HTTPConnection object at 0x000002B02C4AA450>: Failed to establish a new connection: [WinError 10049] 요청한 주소는 해당 컨텍스트에서 유효하지 않습니다'))
2024-11-29 01:25:42,146 - INFO - Streamlit UI started.
2024-11-29 01:37:52,796 - INFO - Streamlit UI started.
2024-11-29 02:02:12,963 - INFO - Streamlit UI started.
2024-11-29 02:02:13,256 - ERROR - Error making API request: 422 Client Error: Unprocessable Entity for url: http://127.0.0.1:8001/generate_quiz
2024-11-29 02:02:21,024 - INFO - Streamlit UI started.
2024-11-29 02:02:21,041 - ERROR - Error making API request: 422 Client Error: Unprocessable Entity for url: http://127.0.0.1:8001/generate_quiz
2024-11-29 02:02:25,494 - INFO - Streamlit UI started.
2024-11-29 02:02:25,511 - ERROR - Error making API request: 422 Client Error: Unprocessable Entity for url: http://127.0.0.1:8001/generate_quiz
2024-11-29 02:12:51,093 - INFO - Streamlit UI started.
2024-11-29 02:26:18,959 - INFO - Streamlit UI started.
2024-11-29 02:26:19,282 - ERROR - Error making API request: Failed to parse: <Response [200]>
2024-11-29 02:26:28,369 - INFO - Streamlit UI started.
2024-11-29 02:26:28,399 - ERROR - Error making API request: Failed to parse: <Response [200]>
2024-11-29 02:26:31,856 - INFO - Streamlit UI started.
2024-11-29 02:26:31,883 - ERROR - Error making API request: Failed to parse: <Response [200]>
2024-11-29 02:39:14,564 - INFO - Streamlit UI started.
2024-11-29 02:39:18,620 - ERROR - Error making API request: 400 Client Error: Bad Request for url: http://127.0.0.1:8001/generate_quiz
2024-11-29 02:46:31,622 - INFO - Streamlit UI started.
2024-11-29 02:46:31,945 - ERROR - Error making API request: 400 Client Error: Bad Request for url: http://127.0.0.1:8001/generate_quiz
2024-11-29 02:52:43,942 - INFO - Streamlit UI started.
2024-11-29 02:52:48,006 - ERROR - Error making API request: 500 Server Error: Internal Server Error for url: http://127.0.0.1:8001/generate_quiz
2024-11-29 03:07:15,463 - INFO - Streamlit UI started.
2024-11-29 03:07:15,781 - ERROR - Error making API request: 500 Server Error: Internal Server Error for url: http://127.0.0.1:8001/generate_quiz
2024-11-29 03:14:41,105 - INFO - Streamlit UI started.
2024-11-29 03:14:49,088 - INFO - Streamlit UI started.
2024-11-29 03:14:53,001 - INFO - Streamlit UI started.
2024-11-29 03:18:43,472 - INFO - Streamlit UI started.
2024-11-29 03:18:46,832 - INFO - Streamlit UI started.
2024-11-29 03:18:50,282 - INFO - Streamlit UI started.
2024-11-29 03:18:53,237 - INFO - Streamlit UI started.
2024-11-29 03:18:56,599 - INFO - Streamlit UI started.
2024-11-29 03:19:05,775 - INFO - Streamlit UI started.
2024-11-29 03:19:08,112 - INFO - Streamlit UI started.
2024-11-29 03:19:09,910 - INFO - Streamlit UI started.
2024-11-29 03:25:03,754 - INFO - Streamlit UI started.
2024-11-29 03:25:06,796 - INFO - Streamlit UI started.
2024-11-29 03:25:09,911 - INFO - Streamlit UI started.
2024-11-29 03:25:13,227 - INFO - Streamlit UI started.
2024-11-29 03:25:15,920 - INFO - Streamlit UI started.
2024-11-29 03:25:38,694 - INFO - Streamlit UI started.
2024-11-29 03:25:43,933 - INFO - Streamlit UI started.
2024-11-29 03:32:26,338 - INFO - Streamlit UI started.
2024-11-29 03:34:05,894 - INFO - Streamlit UI started.
2024-11-29 03:41:39,581 - INFO - Streamlit UI started.
2024-11-29 03:41:50,168 - INFO - Streamlit UI started.
2024-11-29 03:41:52,129 - INFO - Streamlit UI started.
2024-11-29 03:41:53,163 - INFO - Streamlit UI started.
2024-11-29 03:41:54,640 - INFO - Streamlit UI started.
